nohup: ignoring input

> kvk-document-generator@0.1.0 dev
> next dev -p 3001

 тип Failed to start server
Error: listen EADDRINUSE: address already in use :::3001
    at Server.setupListenHandle [as _listen2] (node:net:1939:16)
    at listenInCluster (node:net:1996:12)
    at Server.listen (node:net:2101:7)
    at /workspace/pdf-generator-app/node_modules/next/dist/server/lib/start-server.js:268:16
    at new Promise (<anonymous>)
    at startServer (/workspace/pdf-generator-app/node_modules/next/dist/server/lib/start-server.js:181:11)
    at process.<anonymous> (/workspace/pdf-generator-app/node_modules/next/dist/server/lib/start-server.js:291:19)
    at process.emit (node:events:518:28)
    at emit (node:internal/child_process:949:14)
    at process.processTicksAndRejections (node:internal/process/task_queues:91:21) {
  code: 'EADDRINUSE',
  errno: -98,
  syscall: 'listen',
  address: '::',
  port: 3001
}
[?25h
